--- Copying files at Tue Apr  9 19:26:51 UTC 2019
INSTALLED plugins/jackson2-api.jpi : 2.9.8
INSTALLED plugins/script-security.jpi : 1.56
INSTALLED plugins/pipeline-stage-step.jpi : 2.3
INSTALLED plugins/antisamy-markup-formatter.jpi : 1.5
INSTALLED plugins/pipeline-input-step.jpi : 2.10
INSTALLED plugins/sse-gateway.jpi : 1.17
INSTALLED plugins/blueocean-executor-info.jpi : 1.14.0
INSTALLED plugins/blueocean-web.jpi : 1.14.0
INSTALLED plugins/docker-workflow.jpi : 1.18
INSTALLED plugins/display-url-api.jpi : 2.3.1
INSTALLED plugins/github-api.jpi : 1.95
INSTALLED plugins/workflow-multibranch.jpi : 2.21
INSTALLED plugins/token-macro.jpi : 2.7
INSTALLED plugins/blueocean-config.jpi : 1.14.0
INSTALLED plugins/htmlpublisher.jpi : 1.18
INSTALLED plugins/jira.jpi : 3.0.6
INSTALLED plugins/scm-api.jpi : 2.4.1
INSTALLED plugins/blueocean-jira.jpi : 1.14.0
INSTALLED plugins/workflow-cps-global-lib.jpi : 2.13
INSTALLED plugins/workflow-step-api.jpi : 2.19
INSTALLED plugins/blueocean-core-js.jpi : 1.14.0
INSTALLED plugins/pipeline-build-step.jpi : 2.8
INSTALLED plugins/cloudbees-bitbucket-branch-source.jpi : 2.4.4
INSTALLED plugins/workflow-durable-task-step.jpi : 2.30
INSTALLED plugins/handy-uri-templates-2-api.jpi : 2.1.7-1.0
INSTALLED plugins/pubsub-light.jpi : 1.12
INSTALLED plugins/apache-httpcomponents-client-4-api.jpi : 4.5.5-3.0
INSTALLED plugins/github-branch-source.jpi : 2.4.5
INSTALLED plugins/cloudbees-folder.jpi : 6.8
INSTALLED plugins/jsch.jpi : 0.1.55
INSTALLED plugins/variant.jpi : 1.2
INSTALLED plugins/matrix-project.jpi : 1.14
INSTALLED plugins/jquery-detached.jpi : 1.2.1
INSTALLED plugins/mailer.jpi : 1.23
INSTALLED plugins/credentials.jpi : 2.1.18
INSTALLED plugins/blueocean-jwt.jpi : 1.14.0
INSTALLED plugins/blueocean-autofavorite.jpi : 1.2.4
INSTALLED plugins/blueocean-display-url.jpi : 2.2.0
INSTALLED plugins/matrix-auth.jpi : 2.3
INSTALLED plugins/blueocean-dashboard.jpi : 1.14.0
INSTALLED plugins/pipeline-model-definition.jpi : 1.3.7
INSTALLED plugins/mercurial.jpi : 2.5
INSTALLED plugins/workflow-job.jpi : 2.32
INSTALLED plugins/favorite.jpi : 2.3.2
INSTALLED plugins/pipeline-stage-tags-metadata.jpi : 1.3.7
INSTALLED plugins/blueocean-github-pipeline.jpi : 1.14.0
INSTALLED plugins/pipeline-model-api.jpi : 1.3.7
INSTALLED plugins/blueocean-personalization.jpi : 1.14.0
INSTALLED plugins/git-server.jpi : 1.7
INSTALLED plugins/blueocean-pipeline-api-impl.jpi : 1.14.0
INSTALLED plugins/branch-api.jpi : 2.4.0
INSTALLED plugins/jenkins-design-language.jpi : 1.14.0
INSTALLED plugins/blueocean-git-pipeline.jpi : 1.14.0
INSTALLED plugins/workflow-cps.jpi : 2.65
INSTALLED plugins/ssh-credentials.jpi : 1.15
INSTALLED plugins/blueocean-bitbucket-pipeline.jpi : 1.14.0
INSTALLED plugins/blueocean-rest.jpi : 1.14.0
INSTALLED plugins/blueocean-rest-impl.jpi : 1.14.0
INSTALLED plugins/git.jpi : 3.9.3
INSTALLED plugins/pipeline-model-declarative-agent.jpi : 1.1.1
INSTALLED plugins/blueocean-i18n.jpi : 1.14.0
INSTALLED plugins/plain-credentials.jpi : 1.5
INSTALLED plugins/pipeline-milestone-step.jpi : 1.3.1
INSTALLED plugins/ace-editor.jpi : 1.1
INSTALLED plugins/pipeline-model-extensions.jpi : 1.3.7
INSTALLED plugins/junit.jpi : 1.27
INSTALLED plugins/workflow-support.jpi : 3.2
INSTALLED plugins/pipeline-graph-analysis.jpi : 1.9
INSTALLED plugins/workflow-api.jpi : 2.33
INSTALLED plugins/structs.jpi : 1.17
INSTALLED plugins/blueocean-commons.jpi : 1.14.0
INSTALLED plugins/credentials-binding.jpi : 1.18
INSTALLED plugins/blueocean.jpi : 1.14.0
INSTALLED plugins/blueocean-pipeline-scm-api.jpi : 1.14.0
INSTALLED plugins/workflow-basic-steps.jpi : 2.15
INSTALLED plugins/authentication-tokens.jpi : 1.3
INSTALLED plugins/github.jpi : 1.29.4
INSTALLED plugins/git-client.jpi : 2.7.6
INSTALLED plugins/blueocean-pipeline-editor.jpi : 1.14.0
INSTALLED plugins/workflow-scm-step.jpi : 2.7
INSTALLED plugins/docker-commons.jpi : 1.14
INSTALLED plugins/blueocean-events.jpi : 1.14.0
INSTALLED plugins/durable-task.jpi : 1.29
INSTALLED init.groovy.d/tcp-slave-agent-port.groovy
--- Copying files at Tue Apr  9 20:27:02 UTC 2019
--- Copying files at Tue Apr  9 20:29:50 UTC 2019
--- Copying files at Tue Apr  9 20:35:57 UTC 2019
--- Copying files at Tue Apr  9 20:38:03 UTC 2019
--- Copying files at Tue Apr  9 20:40:31 UTC 2019
--- Copying files at Tue Apr  9 20:51:31 UTC 2019
--- Copying files at Tue Apr  9 20:54:48 UTC 2019
--- Copying files at Tue Apr  9 21:04:46 UTC 2019
--- Copying files at Wed Apr 10 13:49:27 UTC 2019
--- Copying files at Wed Apr 10 13:54:52 UTC 2019
--- Copying files at Wed Apr 10 14:47:07 UTC 2019
--- Copying files at Wed Apr 10 14:59:28 UTC 2019
--- Copying files at Wed Apr 10 20:34:30 UTC 2019
--- Copying files at Thu Apr 11 00:43:44 UTC 2019
--- Copying files at Thu Apr 11 01:11:33 UTC 2019
--- Copying files at Thu Apr 11 01:39:49 UTC 2019
--- Copying files at Thu Apr 11 01:40:19 UTC 2019
--- Copying files at Thu Apr 11 01:40:30 UTC 2019
--- Copying files at Thu Apr 11 01:41:31 UTC 2019
--- Copying files at Thu Apr 11 01:53:43 UTC 2019
--- Copying files at Thu Apr 11 12:30:14 UTC 2019
--- Copying files at Thu Apr 11 12:31:56 UTC 2019
--- Copying files at Thu Apr 11 12:42:28 UTC 2019
--- Copying files at Thu Apr 11 14:29:03 UTC 2019
--- Copying files at Thu Apr 11 14:39:08 UTC 2019
